
Sun, 08 Dec 2019 06:21:54 GMT - Info - Server is running on port: 3000
Sun, 08 Dec 2019 06:29:23 GMT - Info - Server is running on port: 3000
Sun, 08 Dec 2019 06:29:46 GMT - Debug - auth.service - login with email: eavs772@gmail.com
Sun, 08 Dec 2019 07:22:40 GMT - Info - Server is running on port: 3000
Sun, 08 Dec 2019 07:29:57 GMT - Debug - adi9247@gmail.com, adipin, adi652pin,http://res.cloudinary.com/dwlyhuwyk/image/upload/v1575790140/uaofuobgjgqsfztvbbhl.jpg
Sun, 08 Dec 2019 07:29:57 GMT - Debug - auth.service - signup with email: adi9247@gmail.com, username: adipin
Sun, 08 Dec 2019 07:29:59 GMT - Debug - auth.route - new account created: {"email":"adi9247@gmail.com","password":"$2b$10$DJodu.FrzqlSvQoLPVREUuD1QVVERfA.G.OjvdY61KpQp1VSXv5hu","username":"adipin","imgUrl":"http://res.cloudinary.com/dwlyhuwyk/image/upload/v1575790140/uaofuobgjgqsfztvbbhl.jpg","_id":"5deca6759c0cf321886c6338"}
Sun, 08 Dec 2019 07:29:59 GMT - Debug - auth.service - login with email: adi9247@gmail.com
Sun, 08 Dec 2019 07:30:53 GMT - Info - Server is running on port: 3000
Sun, 08 Dec 2019 07:34:58 GMT - Info - Server is running on port: 3000
Sun, 08 Dec 2019 07:36:24 GMT - Debug - adi9247@gmail.com, Adi, adi652pin,http://res.cloudinary.com/dwlyhuwyk/image/upload/v1575790569/msiniwvutvgttorqtljy.jpg
Sun, 08 Dec 2019 07:36:24 GMT - Debug - auth.service - signup with email: adi9247@gmail.com, username: Adi
Sun, 08 Dec 2019 07:36:26 GMT - Debug - auth.route - new account created: {"email":"adi9247@gmail.com","password":"$2b$10$UAiwSIOv0SLejbb4hbs/0OBUpnTXnGupE4tFQyF4RMDEQl7dlP83u","username":"Adi","imgUrl":"http://res.cloudinary.com/dwlyhuwyk/image/upload/v1575790569/msiniwvutvgttorqtljy.jpg","_id":"5deca7fa9883535300b8a9b0"}
Sun, 08 Dec 2019 07:36:26 GMT - Debug - auth.service - login with email: adi9247@gmail.com
Sun, 08 Dec 2019 07:39:05 GMT - Info - Server is running on port: 3000
Sun, 08 Dec 2019 07:39:07 GMT - Info - Server is running on port: 3000
Sun, 08 Dec 2019 07:41:02 GMT - Info - Server is running on port: 3000
Sun, 08 Dec 2019 09:11:26 GMT - Info - Server is running on port: 3000
Sun, 08 Dec 2019 09:14:32 GMT - Debug - auth.service - login with email: nevonoam@gmail.com
Sun, 08 Dec 2019 09:15:27 GMT - Debug - auth.service - login with email: nevonoam@gmail.com
Sun, 08 Dec 2019 12:21:54 GMT - Info - Server is running on port: 3000
Sun, 08 Dec 2019 13:00:51 GMT - Info - Server is running on port: 3000
Sun, 08 Dec 2019 13:09:20 GMT - Info - Server is running on port: 3000
Sun, 08 Dec 2019 13:52:43 GMT - Info - Server is running on port: 3000
Sun, 08 Dec 2019 13:52:48 GMT - Debug - auth.service - login with email: nevonoam@gmail.com
Mon, 09 Dec 2019 08:30:13 GMT - Debug - auth.service - login with email: nevonoam@gmail.com
Mon, 09 Dec 2019 09:22:35 GMT - Info - Server is running on port: 3000